# JRE version: Java(TM) SE Runtime Environment (8.0_181-b13) (build 1.8.0_181-b13)
# Java VM: Java HotSpot(TM) 64-Bit Server VM (25.181-b13 mixed mode windows-amd64 compressed oops)
Heap:
 PSYoungGen      total 100352K, used 18135K [0x0000000780a00000, 0x0000000786d00000, 0x00000007c0000000)
  eden space 99328K, 17% used [0x0000000780a00000,0x0000000781b75c10,0x0000000786b00000)
  from space 1024K, 25% used [0x0000000786b00000,0x0000000786b40000,0x0000000786c00000)
  to   space 1024K, 0% used [0x0000000786c00000,0x0000000786c00000,0x0000000786d00000)
 ParOldGen       total 131072K, used 67767K [0x0000000701e00000, 0x0000000709e00000, 0x0000000780a00000)
  object space 131072K, 51% used [0x0000000701e00000,0x000000070602ddc0,0x0000000709e00000)
 Metaspace       used 3934K, capacity 4764K, committed 4864K, reserved 1056768K
  class space    used 429K, capacity 464K, committed 512K, reserved 1048576K
GC Heap History (10 events):
Event: 5.127 GC heap before
{Heap before GC invocations=63 (full 0):
 PSYoungGen      total 89088K, used 80640K [0x0000000780a00000, 0x0000000786600000, 0x00000007c0000000)
  eden space 80384K, 100% used [0x0000000780a00000,0x0000000785880000,0x0000000785880000)
  from space 8704K, 2% used [0x0000000785b80000,0x0000000785bc0000,0x0000000786400000)
  to   space 3072K, 0% used [0x0000000785880000,0x0000000785880000,0x0000000785b80000)
 ParOldGen       total 131072K, used 67559K [0x0000000701e00000, 0x0000000709e00000, 0x0000000780a00000)
  object space 131072K, 51% used [0x0000000701e00000,0x0000000705ff9dc0,0x0000000709e00000)
 Metaspace       used 3900K, capacity 4764K, committed 4864K, reserved 1056768K
  class space    used 427K, capacity 464K, committed 512K, reserved 1048576K
Event: 5.128 GC heap after
Heap after GC invocations=63 (full 0):
 PSYoungGen      total 83456K, used 224K [0x0000000780a00000, 0x0000000786600000, 0x00000007c0000000)
  eden space 80384K, 0% used [0x0000000780a00000,0x0000000780a00000,0x0000000785880000)
  from space 3072K, 7% used [0x0000000785880000,0x00000007858b8000,0x0000000785b80000)
  to   space 8704K, 0% used [0x0000000785b80000,0x0000000785b80000,0x0000000786400000)
 ParOldGen       total 131072K, used 67591K [0x0000000701e00000, 0x0000000709e00000, 0x0000000780a00000)
  object space 131072K, 51% used [0x0000000701e00000,0x0000000706001dc0,0x0000000709e00000)
 Metaspace       used 3900K, capacity 4764K, committed 4864K, reserved 1056768K
  class space    used 427K, capacity 464K, committed 512K, reserved 1048576K
}
Event: 5.191 GC heap before
{Heap before GC invocations=64 (full 0):
 PSYoungGen      total 83456K, used 80608K [0x0000000780a00000, 0x0000000786600000, 0x00000007c0000000)
  eden space 80384K, 100% used [0x0000000780a00000,0x0000000785880000,0x0000000785880000)
  from space 3072K, 7% used [0x0000000785880000,0x00000007858b8000,0x0000000785b80000)
  to   space 8704K, 0% used [0x0000000785b80000,0x0000000785b80000,0x0000000786400000)
 ParOldGen       total 131072K, used 67591K [0x0000000701e00000, 0x0000000709e00000, 0x0000000780a00000)
  object space 131072K, 51% used [0x0000000701e00000,0x0000000706001dc0,0x0000000709e00000)
 Metaspace       used 3900K, capacity 4764K, committed 4864K, reserved 1056768K
  class space    used 427K, capacity 464K, committed 512K, reserved 1048576K
Event: 5.192 GC heap after
Heap after GC invocations=64 (full 0):
 PSYoungGen      total 91136K, used 256K [0x0000000780a00000, 0x0000000786a80000, 0x00000007c0000000)
  eden space 82432K, 0% used [0x0000000780a00000,0x0000000780a00000,0x0000000785a80000)
  from space 8704K, 2% used [0x0000000785b80000,0x0000000785bc0000,0x0000000786400000)
  to   space 1024K, 0% used [0x0000000785a80000,0x0000000785a80000,0x0000000785b80000)
 ParOldGen       total 131072K, used 67647K [0x0000000701e00000, 0x0000000709e00000, 0x0000000780a00000)
  object space 131072K, 51% used [0x0000000701e00000,0x000000070600fdc0,0x0000000709e00000)
 Metaspace       used 3900K, capacity 4764K, committed 4864K, reserved 1056768K
  class space    used 427K, capacity 464K, committed 512K, reserved 1048576K
}
Event: 5.256 GC heap before
{Heap before GC invocations=65 (full 0):
 PSYoungGen      total 91136K, used 82688K [0x0000000780a00000, 0x0000000786a80000, 0x00000007c0000000)
  eden space 82432K, 100% used [0x0000000780a00000,0x0000000785a80000,0x0000000785a80000)
  from space 8704K, 2% used [0x0000000785b80000,0x0000000785bc0000,0x0000000786400000)
  to   space 1024K, 0% used [0x0000000785a80000,0x0000000785a80000,0x0000000785b80000)
 ParOldGen       total 131072K, used 67647K [0x0000000701e00000, 0x0000000709e00000, 0x0000000780a00000)
  object space 131072K, 51% used [0x0000000701e00000,0x000000070600fdc0,0x0000000709e00000)
 Metaspace       used 3900K, capacity 4764K, committed 4864K, reserved 1056768K
  class space    used 427K, capacity 464K, committed 512K, reserved 1048576K
Event: 5.256 GC heap after
Heap after GC invocations=65 (full 0):
 PSYoungGen      total 83456K, used 224K [0x0000000780a00000, 0x0000000786d00000, 0x00000007c0000000)
  eden space 82432K, 0% used [0x0000000780a00000,0x0000000780a00000,0x0000000785a80000)
  from space 1024K, 21% used [0x0000000785a80000,0x0000000785ab8000,0x0000000785b80000)
  to   space 1024K, 0% used [0x0000000786c00000,0x0000000786c00000,0x0000000786d00000)
 ParOldGen       total 131072K, used 67695K [0x0000000701e00000, 0x0000000709e00000, 0x0000000780a00000)
  object space 131072K, 51% used [0x0000000701e00000,0x000000070601bdc0,0x0000000709e00000)
 Metaspace       used 3900K, capacity 4764K, committed 4864K, reserved 1056768K
  class space    used 427K, capacity 464K, committed 512K, reserved 1048576K
}
Event: 5.323 GC heap before
{Heap before GC invocations=66 (full 0):
 PSYoungGen      total 83456K, used 82656K [0x0000000780a00000, 0x0000000786d00000, 0x00000007c0000000)
  eden space 82432K, 100% used [0x0000000780a00000,0x0000000785a80000,0x0000000785a80000)
  from space 1024K, 21% used [0x0000000785a80000,0x0000000785ab8000,0x0000000785b80000)
  to   space 1024K, 0% used [0x0000000786c00000,0x0000000786c00000,0x0000000786d00000)
 ParOldGen       total 131072K, used 67695K [0x0000000701e00000, 0x0000000709e00000, 0x0000000780a00000)
  object space 131072K, 51% used [0x0000000701e00000,0x000000070601bdc0,0x0000000709e00000)
 Metaspace       used 3900K, capacity 4764K, committed 4864K, reserved 1056768K
  class space    used 427K, capacity 464K, committed 512K, reserved 1048576K
Event: 5.324 GC heap after
Heap after GC invocations=66 (full 0):
 PSYoungGen      total 100352K, used 256K [0x0000000780a00000, 0x0000000786d00000, 0x00000007c0000000)
  eden space 99328K, 0% used [0x0000000780a00000,0x0000000780a00000,0x0000000786b00000)
  from space 1024K, 25% used [0x0000000786c00000,0x0000000786c40000,0x0000000786d00000)
  to   space 1024K, 0% used [0x0000000786b00000,0x0000000786b00000,0x0000000786c00000)
 ParOldGen       total 131072K, used 67727K [0x0000000701e00000, 0x0000000709e00000, 0x0000000780a00000)
  object space 131072K, 51% used [0x0000000701e00000,0x0000000706023dc0,0x0000000709e00000)
 Metaspace       used 3900K, capacity 4764K, committed 4864K, reserved 1056768K
  class space    used 427K, capacity 464K, committed 512K, reserved 1048576K
}
Event: 5.413 GC heap before
{Heap before GC invocations=67 (full 0):
 PSYoungGen      total 100352K, used 99584K [0x0000000780a00000, 0x0000000786d00000, 0x00000007c0000000)
  eden space 99328K, 100% used [0x0000000780a00000,0x0000000786b00000,0x0000000786b00000)
  from space 1024K, 25% used [0x0000000786c00000,0x0000000786c40000,0x0000000786d00000)
  to   space 1024K, 0% used [0x0000000786b00000,0x0000000786b00000,0x0000000786c00000)
 ParOldGen       total 131072K, used 67727K [0x0000000701e00000, 0x0000000709e00000, 0x0000000780a00000)
  object space 131072K, 51% used [0x0000000701e00000,0x0000000706023dc0,0x0000000709e00000)
 Metaspace       used 3900K, capacity 4764K, committed 4864K, reserved 1056768K
  class space    used 427K, capacity 464K, committed 512K, reserved 1048576K
Event: 5.414 GC heap after
Heap after GC invocations=67 (full 0):
 PSYoungGen      total 100352K, used 256K [0x0000000780a00000, 0x0000000786d00000, 0x00000007c0000000)
  eden space 99328K, 0% used [0x0000000780a00000,0x0000000780a00000,0x0000000786b00000)
  from space 1024K, 25% used [0x0000000786b00000,0x0000000786b40000,0x0000000786c00000)
  to   space 1024K, 0% used [0x0000000786c00000,0x0000000786c00000,0x0000000786d00000)
 ParOldGen       total 131072K, used 67767K [0x0000000701e00000, 0x0000000709e00000, 0x0000000780a00000)
  object space 131072K, 51% used [0x0000000701e00000,0x000000070602ddc0,0x0000000709e00000)
 Metaspace       used 3900K, capacity 4764K, committed 4864K, reserved 1056768K
  class space    used 427K, capacity 464K, committed 512K, reserved 1048576K
}

