# JRE version: Java(TM) SE Runtime Environment (8.0_181-b13) (build 1.8.0_181-b13)
# Java VM: Java HotSpot(TM) 64-Bit Server VM (25.181-b13 mixed mode windows-amd64 compressed oops)
Heap:
 PSYoungGen      total 97792K, used 32428K [0x0000000780a00000, 0x0000000787900000, 0x00000007c0000000)
  eden space 94720K, 34% used [0x0000000780a00000,0x0000000782973388,0x0000000786680000)
  from space 3072K, 7% used [0x0000000786680000,0x00000007866b8000,0x0000000786980000)
  to   space 8192K, 0% used [0x0000000786980000,0x0000000786980000,0x0000000787180000)
 ParOldGen       total 131072K, used 67555K [0x0000000701e00000, 0x0000000709e00000, 0x0000000780a00000)
  object space 131072K, 51% used [0x0000000701e00000,0x0000000705ff8db0,0x0000000709e00000)
 Metaspace       used 3933K, capacity 4764K, committed 4864K, reserved 1056768K
  class space    used 429K, capacity 464K, committed 512K, reserved 1048576K
GC Heap History (10 events):
Event: 6.816 GC heap before
{Heap before GC invocations=57 (full 0):
 PSYoungGen      total 102912K, used 94944K [0x0000000780a00000, 0x0000000787900000, 0x00000007c0000000)
  eden space 94720K, 100% used [0x0000000780a00000,0x0000000786680000,0x0000000786680000)
  from space 8192K, 2% used [0x0000000786980000,0x00000007869b8000,0x0000000787180000)
  to   space 3072K, 0% used [0x0000000786680000,0x0000000786680000,0x0000000786980000)
 ParOldGen       total 131072K, used 67355K [0x0000000701e00000, 0x0000000709e00000, 0x0000000780a00000)
  object space 131072K, 51% used [0x0000000701e00000,0x0000000705fc6db0,0x0000000709e00000)
 Metaspace       used 3899K, capacity 4764K, committed 4864K, reserved 1056768K
  class space    used 427K, capacity 464K, committed 512K, reserved 1048576K
Event: 6.818 GC heap after
Heap after GC invocations=57 (full 0):
 PSYoungGen      total 97792K, used 224K [0x0000000780a00000, 0x0000000787900000, 0x00000007c0000000)
  eden space 94720K, 0% used [0x0000000780a00000,0x0000000780a00000,0x0000000786680000)
  from space 3072K, 7% used [0x0000000786680000,0x00000007866b8000,0x0000000786980000)
  to   space 8192K, 0% used [0x0000000786980000,0x0000000786980000,0x0000000787180000)
 ParOldGen       total 131072K, used 67379K [0x0000000701e00000, 0x0000000709e00000, 0x0000000780a00000)
  object space 131072K, 51% used [0x0000000701e00000,0x0000000705fccdb0,0x0000000709e00000)
 Metaspace       used 3899K, capacity 4764K, committed 4864K, reserved 1056768K
  class space    used 427K, capacity 464K, committed 512K, reserved 1048576K
}
Event: 6.891 GC heap before
{Heap before GC invocations=58 (full 0):
 PSYoungGen      total 97792K, used 94944K [0x0000000780a00000, 0x0000000787900000, 0x00000007c0000000)
  eden space 94720K, 100% used [0x0000000780a00000,0x0000000786680000,0x0000000786680000)
  from space 3072K, 7% used [0x0000000786680000,0x00000007866b8000,0x0000000786980000)
  to   space 8192K, 0% used [0x0000000786980000,0x0000000786980000,0x0000000787180000)
 ParOldGen       total 131072K, used 67379K [0x0000000701e00000, 0x0000000709e00000, 0x0000000780a00000)
  object space 131072K, 51% used [0x0000000701e00000,0x0000000705fccdb0,0x0000000709e00000)
 Metaspace       used 3899K, capacity 4764K, committed 4864K, reserved 1056768K
  class space    used 427K, capacity 464K, committed 512K, reserved 1048576K
Event: 6.893 GC heap after
Heap after GC invocations=58 (full 0):
 PSYoungGen      total 102912K, used 224K [0x0000000780a00000, 0x0000000787900000, 0x00000007c0000000)
  eden space 94720K, 0% used [0x0000000780a00000,0x0000000780a00000,0x0000000786680000)
  from space 8192K, 2% used [0x0000000786980000,0x00000007869b8000,0x0000000787180000)
  to   space 3072K, 0% used [0x0000000786680000,0x0000000786680000,0x0000000786980000)
 ParOldGen       total 131072K, used 67427K [0x0000000701e00000, 0x0000000709e00000, 0x0000000780a00000)
  object space 131072K, 51% used [0x0000000701e00000,0x0000000705fd8db0,0x0000000709e00000)
 Metaspace       used 3899K, capacity 4764K, committed 4864K, reserved 1056768K
  class space    used 427K, capacity 464K, committed 512K, reserved 1048576K
}
Event: 6.970 GC heap before
{Heap before GC invocations=59 (full 0):
 PSYoungGen      total 102912K, used 94944K [0x0000000780a00000, 0x0000000787900000, 0x00000007c0000000)
  eden space 94720K, 100% used [0x0000000780a00000,0x0000000786680000,0x0000000786680000)
  from space 8192K, 2% used [0x0000000786980000,0x00000007869b8000,0x0000000787180000)
  to   space 3072K, 0% used [0x0000000786680000,0x0000000786680000,0x0000000786980000)
 ParOldGen       total 131072K, used 67427K [0x0000000701e00000, 0x0000000709e00000, 0x0000000780a00000)
  object space 131072K, 51% used [0x0000000701e00000,0x0000000705fd8db0,0x0000000709e00000)
 Metaspace       used 3899K, capacity 4764K, committed 4864K, reserved 1056768K
  class space    used 427K, capacity 464K, committed 512K, reserved 1048576K
Event: 6.972 GC heap after
Heap after GC invocations=59 (full 0):
 PSYoungGen      total 97792K, used 224K [0x0000000780a00000, 0x0000000787900000, 0x00000007c0000000)
  eden space 94720K, 0% used [0x0000000780a00000,0x0000000780a00000,0x0000000786680000)
  from space 3072K, 7% used [0x0000000786680000,0x00000007866b8000,0x0000000786980000)
  to   space 8192K, 0% used [0x0000000786980000,0x0000000786980000,0x0000000787180000)
 ParOldGen       total 131072K, used 67467K [0x0000000701e00000, 0x0000000709e00000, 0x0000000780a00000)
  object space 131072K, 51% used [0x0000000701e00000,0x0000000705fe2db0,0x0000000709e00000)
 Metaspace       used 3899K, capacity 4764K, committed 4864K, reserved 1056768K
  class space    used 427K, capacity 464K, committed 512K, reserved 1048576K
}
Event: 7.046 GC heap before
{Heap before GC invocations=60 (full 0):
 PSYoungGen      total 97792K, used 94944K [0x0000000780a00000, 0x0000000787900000, 0x00000007c0000000)
  eden space 94720K, 100% used [0x0000000780a00000,0x0000000786680000,0x0000000786680000)
  from space 3072K, 7% used [0x0000000786680000,0x00000007866b8000,0x0000000786980000)
  to   space 8192K, 0% used [0x0000000786980000,0x0000000786980000,0x0000000787180000)
 ParOldGen       total 131072K, used 67467K [0x0000000701e00000, 0x0000000709e00000, 0x0000000780a00000)
  object space 131072K, 51% used [0x0000000701e00000,0x0000000705fe2db0,0x0000000709e00000)
 Metaspace       used 3899K, capacity 4764K, committed 4864K, reserved 1056768K
  class space    used 427K, capacity 464K, committed 512K, reserved 1048576K
Event: 7.048 GC heap after
Heap after GC invocations=60 (full 0):
 PSYoungGen      total 102912K, used 224K [0x0000000780a00000, 0x0000000787900000, 0x00000007c0000000)
  eden space 94720K, 0% used [0x0000000780a00000,0x0000000780a00000,0x0000000786680000)
  from space 8192K, 2% used [0x0000000786980000,0x00000007869b8000,0x0000000787180000)
  to   space 3072K, 0% used [0x0000000786680000,0x0000000786680000,0x0000000786980000)
 ParOldGen       total 131072K, used 67515K [0x0000000701e00000, 0x0000000709e00000, 0x0000000780a00000)
  object space 131072K, 51% used [0x0000000701e00000,0x0000000705feedb0,0x0000000709e00000)
 Metaspace       used 3899K, capacity 4764K, committed 4864K, reserved 1056768K
  class space    used 427K, capacity 464K, committed 512K, reserved 1048576K
}
Event: 7.123 GC heap before
{Heap before GC invocations=61 (full 0):
 PSYoungGen      total 102912K, used 94944K [0x0000000780a00000, 0x0000000787900000, 0x00000007c0000000)
  eden space 94720K, 100% used [0x0000000780a00000,0x0000000786680000,0x0000000786680000)
  from space 8192K, 2% used [0x0000000786980000,0x00000007869b8000,0x0000000787180000)
  to   space 3072K, 0% used [0x0000000786680000,0x0000000786680000,0x0000000786980000)
 ParOldGen       total 131072K, used 67515K [0x0000000701e00000, 0x0000000709e00000, 0x0000000780a00000)
  object space 131072K, 51% used [0x0000000701e00000,0x0000000705feedb0,0x0000000709e00000)
 Metaspace       used 3899K, capacity 4764K, committed 4864K, reserved 1056768K
  class space    used 427K, capacity 464K, committed 512K, reserved 1048576K
Event: 7.125 GC heap after
Heap after GC invocations=61 (full 0):
 PSYoungGen      total 97792K, used 224K [0x0000000780a00000, 0x0000000787900000, 0x00000007c0000000)
  eden space 94720K, 0% used [0x0000000780a00000,0x0000000780a00000,0x0000000786680000)
  from space 3072K, 7% used [0x0000000786680000,0x00000007866b8000,0x0000000786980000)
  to   space 8192K, 0% used [0x0000000786980000,0x0000000786980000,0x0000000787180000)
 ParOldGen       total 131072K, used 67555K [0x0000000701e00000, 0x0000000709e00000, 0x0000000780a00000)
  object space 131072K, 51% used [0x0000000701e00000,0x0000000705ff8db0,0x0000000709e00000)
 Metaspace       used 3899K, capacity 4764K, committed 4864K, reserved 1056768K
  class space    used 427K, capacity 464K, committed 512K, reserved 1048576K
}

